\BOOKMARK [1][-]{section.1}{Combinat\363ria}{}% 1
\BOOKMARK [2][-]{subsection.1.1}{Somat\363rios}{section.1}% 2
\BOOKMARK [2][-]{subsection.1.2}{Bin\364mio de Newton}{section.1}% 3
\BOOKMARK [2][-]{subsection.1.3}{Numeros de Catal\343o}{section.1}% 4
\BOOKMARK [1][-]{section.2}{Template}{}% 5
\BOOKMARK [1][-]{section.3}{Ad-Hoc}{}% 6
\BOOKMARK [2][-]{subsection.3.1}{Casamento est\341vel O\(n2\)}{section.3}% 7
\BOOKMARK [2][-]{subsection.3.2}{Maioria \341rea em um histograma O\(n\)}{section.3}% 8
\BOOKMARK [2][-]{subsection.3.3}{Algoritmo de MoO\(sqrt\(n\)*n\)}{section.3}% 9
\BOOKMARK [1][-]{section.4}{Estruturas de Dados}{}% 10
\BOOKMARK [2][-]{subsection.4.1}{BIT <O\(logN\), O\(logN\)>}{section.4}% 11
\BOOKMARK [2][-]{subsection.4.2}{BIT-2D}{section.4}% 12
\BOOKMARK [2][-]{subsection.4.3}{Segment Tree<O\(n\), O\(logN\), O\(logN\)\)>}{section.4}% 13
\BOOKMARK [2][-]{subsection.4.4}{RMQ-DP <O\(nLogn\), O\(1\)>}{section.4}% 14
\BOOKMARK [2][-]{subsection.4.5}{Segment Tree com Lazy Propagation <O\(n\), O\(logN\), O\(logN\)\)>}{section.4}% 15
\BOOKMARK [2][-]{subsection.4.6}{Union Find}{section.4}% 16
\BOOKMARK [1][-]{section.5}{Geometria}{}% 17
\BOOKMARK [2][-]{subsection.5.1}{Template}{section.5}% 18
\BOOKMARK [2][-]{subsection.5.2}{Convex Hull O\(n log n\)}{section.5}% 19
\BOOKMARK [2][-]{subsection.5.3}{Smallest Enclosing Circle}{section.5}% 20
\BOOKMARK [2][-]{subsection.5.4}{Closest Pair of Points O\(nlogn\)}{section.5}% 21
\BOOKMARK [2][-]{subsection.5.5}{Interse\347\343o de Pol\355gonos Convexos O\(|P| + |Q|\)}{section.5}% 22
\BOOKMARK [2][-]{subsection.5.6}{Ret\342ngulos}{section.5}% 23
\BOOKMARK [1][-]{section.6}{Grafos}{}% 24
\BOOKMARK [2][-]{subsection.6.1}{Dijkstra O\(E logV\)}{section.6}% 25
\BOOKMARK [2][-]{subsection.6.2}{Kruskal O\(E logV\)}{section.6}% 26
\BOOKMARK [2][-]{subsection.6.3}{TarjanO\(V+E\)}{section.6}% 27
\BOOKMARK [2][-]{subsection.6.4}{Articula\347\365es O\(V+E\)}{section.6}% 28
\BOOKMARK [2][-]{subsection.6.5}{Pontes O\(V+E\)}{section.6}% 29
\BOOKMARK [2][-]{subsection.6.6}{Lowest Common Ancestor <O\(V log V\), O\(logV\)>}{section.6}% 30
\BOOKMARK [2][-]{subsection.6.7}{Dinic O\(V+E\)}{section.6}% 31
\BOOKMARK [2][-]{subsection.6.8}{Hopcroft-Karp O\(E sqrt V\)}{section.6}% 32
\BOOKMARK [2][-]{subsection.6.9}{Heavy-Light Decomposition <O\(logV\), O\(log2 V\)>}{section.6}% 33
\BOOKMARK [2][-]{subsection.6.10}{Min-Cost Max-Flow O\(VE + f E log V\), f = maxflow}{section.6}% 34
\BOOKMARK [1][-]{section.7}{Matem\341tica}{}% 35
\BOOKMARK [2][-]{subsection.7.1}{LCM}{section.7}% 36
\BOOKMARK [2][-]{subsection.7.2}{Algoritmo Estendido de Euclides}{section.7}% 37
\BOOKMARK [2][-]{subsection.7.3}{Resto Chines para gcd\(i, j\) = 1}{section.7}% 38
\BOOKMARK [2][-]{subsection.7.4}{Resto Chines Generalizado}{section.7}% 39
\BOOKMARK [2][-]{subsection.7.5}{Crivo de Eratosthenes O\(n*loglogn\)}{section.7}% 40
\BOOKMARK [2][-]{subsection.7.6}{Fatora\347\343o}{section.7}% 41
\BOOKMARK [2][-]{subsection.7.7}{Totiente de Euler}{section.7}% 42
\BOOKMARK [2][-]{subsection.7.8}{Totiente de Euler x < n - \(x\)}{section.7}% 43
\BOOKMARK [2][-]{subsection.7.9}{Exponencia\347\343o R\341pida com M\363dulo}{section.7}% 44
\BOOKMARK [2][-]{subsection.7.10}{Fast Fourier Transform}{section.7}% 45
\BOOKMARK [2][-]{subsection.7.11}{Polin\364mios}{section.7}% 46
\BOOKMARK [2][-]{subsection.7.12}{Elimina\347\343o Gaussiana O\(n3\)}{section.7}% 47
\BOOKMARK [2][-]{subsection.7.13}{Integra\347\343o por M\351todo de Simpson}{section.7}% 48
\BOOKMARK [2][-]{subsection.7.14}{Exponencia\347\343o R\341pida de Matrizes}{section.7}% 49
\BOOKMARK [1][-]{section.8}{Programa\347\343o Din\342mica}{}% 50
\BOOKMARK [2][-]{subsection.8.1}{Coin Change \(menor qntd\) O\(nc\)}{section.8}% 51
\BOOKMARK [2][-]{subsection.8.2}{Coin Change \(total de formas\) O\(nc\)}{section.8}% 52
\BOOKMARK [2][-]{subsection.8.3}{Knapsack Com Repeti\347\343o O\(nc\)}{section.8}% 53
\BOOKMARK [2][-]{subsection.8.4}{Longest Common Subsequence O\(nm\)}{section.8}% 54
\BOOKMARK [2][-]{subsection.8.5}{Longest Common Substring O\(nm\)}{section.8}% 55
\BOOKMARK [2][-]{subsection.8.6}{Longest Increasing Sequence O\(n log n\)}{section.8}% 56
\BOOKMARK [2][-]{subsection.8.7}{Weighted Activity Selection O\(n log n\)}{section.8}% 57
\BOOKMARK [2][-]{subsection.8.8}{Caixeiro Viajante O\(n2 2n\)}{section.8}% 58
\BOOKMARK [1][-]{section.9}{String}{}% 59
\BOOKMARK [2][-]{subsection.9.1}{Suffix Array e Longest Common Prefix O\(n log n\)}{section.9}% 60
\BOOKMARK [2][-]{subsection.9.2}{Aho-Corasick}{section.9}% 61
\BOOKMARK [2][-]{subsection.9.3}{KMP O\(n + m\)}{section.9}% 62
\BOOKMARK [2][-]{subsection.9.4}{Z algorithm O\(n\)}{section.9}% 63
\BOOKMARK [2][-]{subsection.9.5}{String Hashing}{section.9}% 64
\BOOKMARK [2][-]{subsection.9.6}{Manacher O\(n\)}{section.9}% 65
